
Multi2Sim 3.0.1 - Multicore Multithreaded Processor Simulator
Last compilation: Feb 16 2018 09:42:31

option                    value        # description
------------------------------------------------------------
-title                                 # Simulation title
-config                   procesador.txt # Processor configuration file
-ctxconfig                ctxconfig.calculix # Context configuration file
-max_cycles                          0 # Cycle to stop program (0=no stop)
-max_inst                      1500000 # Max number of retireed instructions (0=no max)
-max_time                            0 # Max running time (in seconds)
-fastfwd                             0 # Cycles to run with fast simulation
-debug:ctx                             # Debug information for context creation & status updates
-debug:syscall                         # Debug information for system calls
-debug:opencl                          # Debug information for OpenCL programs
-debug:loader                          # Debug information from program loader
-debug:call                            # Debug information about procedure calls
-debug:inst                            # Debug information about executed instructions
-debug:cache                           # Debug information for cache system
-debug:pipeline                        # Debug information for pipeline
-debug:error                           # Debug information after errors
-report:pipeline                       # Report for pipeline statistics
-report:cache                          # Report for cache system
-opencl:binary                         # Pre-compiled binary for OpenCL applications
-cores                               2 # number of processor cores
-threads                             1 # number of threads per core
-context_switch                      t # allow context switches and scheduling
-context_quantum                100000 # quantum for a context before context switch
-stage_time_stats                    f # measure time for stages
-occupancy_stats                     f # include occupancy stats in the pipeline report
-recover_kind                writeback # when to recover {writeback|commit}
-recover_penalty                     0 # cycles to stall fetch after recover
-thread_quantum                   1000 # thread quantum in cycles for switch-on-event fetch
-thread_switch_penalty               0 # for switch-on-event fetch
-fetch_kind                  timeslice # fetch policy {shared|timeslice|switchonevent}
-decode_width                        2 # decode width
-dispatch_kind               timeslice # dispatch stage sharing {shared|timeslice}
-dispatch_width                      2 # dispatch width (for shared/timeslice dispatch)
-issue_kind                  timeslice # issue stage sharing {shared|timeslice}
-issue_width                         2 # issue width (for shared/timeslice issue)
-commit_kind                    shared # commit stage sharing {shared|timeslice}
-commit_width                        2 # commit depth (in instr/thread/cycle)
-bpred                         perfect # Branch predictor kind {perfect|taken|nottaken|bimod|twolevel|comb}
-bpred:btb                       256:4 # BTB configuration (<sets>:<assoc>)
-bpred:ras                          32 # Return address stack size
-bpred:bimod                      1024 # Number of entries for bimodal predictor
-bpred:twolevel               1 1024 8 # Two-level adaptive (<l1size> <l2size> <hist_size>)
-bpred:choice                     1024 # Number of entries for choice predictor
-tcache                              f # Use trace cache {t|f}
-tcache:topo                      64:4 # Trace cache topology (<sets>:<assoc>)
-tcache:trace_size                  16 # Maximum number of uops in a trace
-tcache:branch_max                   3 # Maximum number of branches in a trace
-tcache:queue_size                  32 # Fetch queue for predecoded uops
-fetchq_size                        64 # fetch queue size in bytes
-uopq_size                          32 # uop queue size in microinstructions
-rob_kind                      private # reorder buffer sharing {private|shared}
-rob_size                          128 # reorder buffer size per thread
-rf_kind                       private # physical register file {shared|private}
-rf_int_size                       160 # integer physical register file size per thread
-rf_fp_size                        160 # floating-point physical register file size per thread
-iq_kind                       private # instruction queue kind {shared|private}
-iq_size                           128 # instruction queue size per thread
-lsq_kind                      private # load/store queue kind {shared|private}
-lsq_size                          128 # load/store queue size per thread
-fu:intadd                       4 1 1 # Integer Adder (count, oplat, issuelat)
-fu:intsub                       4 1 1 # Integer Subtracter
-fu:intmult                      1 1 1 # Integer Multiplier
-fu:intdiv                       1 1 1 # Integer Divider
-fu:effaddr                      4 1 1 # Effective Address
-fu:logical                      4 1 1 # Logical Operations
-fu:fpsimple                     2 1 1 # Floating-point simple operator
-fu:fpadd                        2 1 1 # Floating-pointer adder
-fu:fpcomp                       2 1 1 # Floating-point comparator
-fu:fpmult                       1 1 1 # Floating-point multiplier
-fu:fpdiv                        1 1 1 # Floating-point divider
-fu:fpcomplex                    1 1 1 # Floating-point complex operator
-cacheconfig                           # Cache configuration file
-iperfect                            f # Perfect instruction cache {t|f}
-dperfect                            f # Perfect data cache {t|f}
-page_size                        4096 # Memory page size


sim.cycles  1030421  # Simulation cycles
sim.inst  1500001  # Total committed instructions
sim.ipc  1.456  # Global IPC
sim.predacc  1  # Branch prediction accuracy
sim.time  3.1  # Simulation time in seconds
sim.cps  337519  # Cycles simulated per second
sim.contexts  1  # Maximum number of contexts running concurrently
sim.memory  10817536  # Physical memory used by benchmarks
sim.memory_max  10817536  # Maximum physical memory used by benchmarks
dl1-0.hitratio  0.9985  # Cache hit ratio
il1-0.hitratio  0.9562  # Cache hit ratio
l2-0.hitratio  0.7591  # Cache hit ratio
dtlb.0.0.hitratio  0.9999  # TLB hit ratio
itlb.0.0.hitratio  0.9994  # TLB hit ratio

